<?xml version="1.0" encoding="UTF-8"?>
<!-- Generated by org.testng.reporters.JUnitReportReporter -->
<testsuite skipped="0" hostname="DESKTOP-T8SVG9O" name="com.nopc.qalogin.Loginvalidation" tests="4" failures="0" timestamp="2022-12-01T22:02:26 IST" time="9.536" errors="0">
  <testcase name="logoValidation" time="0.558" classname="com.nopc.qalogin.Loginvalidation"/>
  <system-out/>
  <testcase name="TitleValidation" time="1.474" classname="com.nopc.qalogin.Loginvalidation"/>
  <system-out/>
  <testcase name="CheckBoxValidation" time="0.343" classname="com.nopc.qalogin.Loginvalidation"/>
  <system-out/>
  <testcase name="LoginValidation" time="7.161" classname="com.nopc.qalogin.Loginvalidation"/>
  <system-out/>
</testsuite> <!-- com.nopc.qalogin.Loginvalidation -->
